#
# There is insufficient memory for the Java Runtime Environment to continue.
# Native memory allocation (mmap) failed to map 264241152 bytes. Error detail: G1 virtual space
# Possible reasons:
#   The system is out of physical RAM or swap space
#   This process is running with CompressedOops enabled, and the Java Heap may be blocking the growth of the native heap
# Possible solutions:
#   Reduce memory load on the system
#   Increase physical memory or swap space
#   Check if swap backing store is full
#   Decrease Java heap size (-Xmx/-Xms)
#   Decrease number of Java threads
#   Decrease Java thread stack sizes (-Xss)
#   Set larger code cache with -XX:ReservedCodeCacheSize=
#   JVM is running with Zero Based Compressed Oops mode in which the Java heap is
#     placed in the first 32GB address space. The Java Heap base address is the
#     maximum limit for the native heap growth. Please use -XX:HeapBaseMinAddress
#     to set the Java Heap base and to place the Java Heap above 32GB virtual address.
# This output file may be truncated or incomplete.
#
#  Out of Memory Error (os_windows.cpp:3564), pid=6716, tid=25812
#
# JRE version:  (24.0.2+12) (build )
# Java VM: Java HotSpot(TM) 64-Bit Server VM (24.0.2+12-54, mixed mode, sharing, tiered, compressed oops, compressed class ptrs, g1 gc, windows-amd64)
# No core dump will be written. Minidumps are not enabled by default on client versions of Windows
#

---------------  S U M M A R Y ------------

Command Line: -javaagent:C:\Program Files\JetBrains\IntelliJ IDEA 2025.2.1\lib\idea_rt.jar=64693 -Dfile.encoding=UTF-8 -Dsun.stdout.encoding=UTF-8 -Dsun.stderr.encoding=UTF-8 Pattern_Printing.AlphabetSquare

Host: 13th Gen Intel(R) Core(TM) i5-1335U, 12 cores, 15G,  Windows 11 , 64 bit Build 26100 (10.0.26100.5074)
Time: Mon Sep 15 21:09:07 2025 India Standard Time elapsed time: 1.443776 seconds (0d 0h 0m 1s)

---------------  T H R E A D  ---------------

Current thread (0x000001defb78a260):  JavaThread "Unknown thread" [_thread_in_vm, id=25812, stack(0x000000311ac00000,0x000000311ad00000) (1024K)]

Stack: [0x000000311ac00000,0x000000311ad00000]
Native frames: (J=compiled Java code, j=interpreted, Vv=VM code, C=native code)
V  [jvm.dll+0x730829]  (no source info available)
V  [jvm.dll+0x8d9da3]  (no source info available)
V  [jvm.dll+0x8dc28d]  (no source info available)
V  [jvm.dll+0x8dc903]  (no source info available)
V  [jvm.dll+0x2a9f56]  (no source info available)
V  [jvm.dll+0x72cd55]  (no source info available)
V  [jvm.dll+0x72066a]  (no source info available)
V  [jvm.dll+0x390b7a]  (no source info available)
V  [jvm.dll+0x398906]  (no source info available)
V  [jvm.dll+0x3850de]  (no source info available)
V  [jvm.dll+0x385398]  (no source info available)
V  [jvm.dll+0x35d10c]  (no source info available)
V  [jvm.dll+0x35ddcd]  (no source info available)
V  [jvm.dll+0x89d50f]  (no source info available)
V  [jvm.dll+0x3f979d]  (no source info available)
V  [jvm.dll+0x885b66]  (no source info available)
V  [jvm.dll+0x495e7e]  (no source info available)
V  [jvm.dll+0x497c51]  (no source info available)
C  [jli.dll+0x52a1]  (no source info available)
C  [ucrtbase.dll+0x37b0]  (no source info available)
C  [KERNEL32.DLL+0x2e8d7]  (no source info available)
C  [ntdll.dll+0x8d9c]  (no source info available)

Lock stack of current Java thread (top to bottom):


---------------  P R O C E S S  ---------------

Threads class SMR info:
_java_thread_list=0x00007ffb73c3f318, length=0, elements={
}

Java Threads: ( => current thread )
Total: 0

Other Threads:
  0x000001defb7f3730 WorkerThread "GC Thread#0"                     [id=26480, stack(0x000000311ad00000,0x000000311ae00000) (1024K)]
  0x000001defb808150 ConcurrentGCThread "G1 Main Marker"            [id=19568, stack(0x000000311ae00000,0x000000311af00000) (1024K)]
  0x000001defb808c60 WorkerThread "G1 Conc#0"                       [id=22072, stack(0x000000311af00000,0x000000311b000000) (1024K)]

[error occurred during error reporting (printing all threads), id 0xc0000005, EXCEPTION_ACCESS_VIOLATION (0xc0000005) at pc=0x00007ffb7337138a]
VM state: not at safepoint (not fully initialized)

VM Mutex/Monitor currently owned by a thread:  ([mutex/lock_event])
[0x00007ffb73cc45f0] Heap_lock - owner thread: 0x000001defb78a260

Heap address: 0x0000000704e00000, size: 4018 MB, Compressed Oops mode: Zero based, Oop shift amount: 3

CDS archive(s) mapped at: [0x0000000000000000-0x0000000000000000-0x0000000000000000), size 0, SharedBaseAddress: 0x0000000800000000, ArchiveRelocationMode: 1.
UseCompressedClassPointers 1, UseCompactObjectHeaders 0
Narrow klass pointer bits 32, Max shift 3
Narrow klass base: 0xffffffffffffffff, Narrow klass shift: -1
Encoding Range: [0xffffffffffffffff - 0x000000007fffffff), (2147483648 bytes)
Klass Range:    [0x0000000000000000 - 0x0000000000000000), (0 bytes)
Klass ID Range:  [4294967295 - 0) (1)

GC Precious Log:
 CardTable entry size: 512
 Card Set container configuration: InlinePtr #cards 4 size 8 Array Of Cards #cards 16 size 48 Howl #buckets 8 coarsen threshold 3686 Howl Bitmap #cards 512 size 80 coarsen threshold 460 Card regions per heap region 1 cards per card region 4096

Heap:
 garbage-first heap   total reserved 4114432K, committed 0K, used 0K [0x0000000704e00000, 0x0000000800000000)
  region size 2048K, 0 young (0K), 0 survivors (0K)

[error occurred during error reporting (printing heap information), id 0xc0000005, EXCEPTION_ACCESS_VIOLATION (0xc0000005) at pc=0x00007ffb7378e679]
GC Heap History (0 events):
No events

Dll operation events (1 events):
Event: 0.015 Loaded shared library C:\Program Files\Java\jdk-24\bin\java.dll

Deoptimization events (0 events):
No events

Classes loaded (0 events):
No events

Classes unloaded (0 events):
No events

Classes redefined (0 events):
No events

Internal exceptions (0 events):
No events

VM Operations (0 events):
No events

Memory protections (0 events):
No events

Nmethod flushes (0 events):
No events

Events (0 events):
No events


Dynamic libraries:
0x00007ff68f880000 - 0x00007ff68f890000 	C:\Program Files\Java\jdk-24\bin\java.exe
0x00007ffbce520000 - 0x00007ffbce789000 	C:\WINDOWS\SYSTEM32\ntdll.dll
0x00007ffbcd060000 - 0x00007ffbcd129000 	C:\WINDOWS\System32\KERNEL32.DLL
0x00007ffbcb750000 - 0x00007ffbcbb43000 	C:\WINDOWS\System32\KERNELBASE.dll
0x00007ffbcbd70000 - 0x00007ffbcbebb000 	C:\WINDOWS\System32\ucrtbase.dll
0x00007ffbc37c0000 - 0x00007ffbc37db000 	C:\Program Files\Java\jdk-24\bin\VCRUNTIME140.dll
0x00007ffbc36d0000 - 0x00007ffbc36e6000 	C:\Program Files\Java\jdk-24\bin\jli.dll
0x00007ffbcce90000 - 0x00007ffbcd054000 	C:\WINDOWS\System32\USER32.dll
0x00007ffbaa3d0000 - 0x00007ffbaa663000 	C:\WINDOWS\WinSxS\amd64_microsoft.windows.common-controls_6595b64144ccf1df_6.0.26100.5074_none_3e0d6f78e32fd63f\COMCTL32.dll
0x00007ffbcbb50000 - 0x00007ffbcbb77000 	C:\WINDOWS\System32\win32u.dll
0x00007ffbcd130000 - 0x00007ffbcd1d9000 	C:\WINDOWS\System32\msvcrt.dll
0x00007ffbcd1e0000 - 0x00007ffbcd20b000 	C:\WINDOWS\System32\GDI32.dll
0x00007ffbcbc40000 - 0x00007ffbcbd6d000 	C:\WINDOWS\System32\gdi32full.dll
0x00007ffbcc240000 - 0x00007ffbcc2e3000 	C:\WINDOWS\System32\msvcp_win.dll
0x00007ffbce450000 - 0x00007ffbce47f000 	C:\WINDOWS\System32\IMM32.DLL
0x00007ffbb9170000 - 0x00007ffbb917c000 	C:\Program Files\Java\jdk-24\bin\vcruntime140_1.dll
0x00007ffbb4f50000 - 0x00007ffbb4fde000 	C:\Program Files\Java\jdk-24\bin\msvcp140.dll
0x00007ffb73000000 - 0x00007ffb73da1000 	C:\Program Files\Java\jdk-24\bin\server\jvm.dll
0x00007ffbce2e0000 - 0x00007ffbce394000 	C:\WINDOWS\System32\ADVAPI32.dll
0x00007ffbce3a0000 - 0x00007ffbce446000 	C:\WINDOWS\System32\sechost.dll
0x00007ffbcc6b0000 - 0x00007ffbcc7c8000 	C:\WINDOWS\System32\RPCRT4.dll
0x00007ffbcce10000 - 0x00007ffbcce84000 	C:\WINDOWS\System32\WS2_32.dll
0x00007ffbcb510000 - 0x00007ffbcb56e000 	C:\WINDOWS\SYSTEM32\POWRPROF.dll
0x00007ffbc0150000 - 0x00007ffbc0185000 	C:\WINDOWS\SYSTEM32\WINMM.dll
0x00007ffbb6100000 - 0x00007ffbb610b000 	C:\WINDOWS\SYSTEM32\VERSION.dll
0x00007ffbcb4f0000 - 0x00007ffbcb504000 	C:\WINDOWS\SYSTEM32\UMPDC.dll
0x00007ffbca3f0000 - 0x00007ffbca40b000 	C:\WINDOWS\SYSTEM32\kernel.appcore.dll
0x00007ffbb9160000 - 0x00007ffbb916a000 	C:\Program Files\Java\jdk-24\bin\jimage.dll
0x00007ffbc8f90000 - 0x00007ffbc91d2000 	C:\WINDOWS\SYSTEM32\DBGHELP.DLL
0x00007ffbcc330000 - 0x00007ffbcc6ab000 	C:\WINDOWS\System32\combase.dll
0x00007ffbcc990000 - 0x00007ffbcca67000 	C:\WINDOWS\System32\OLEAUT32.dll
0x00007ffbb7380000 - 0x00007ffbb73bd000 	C:\WINDOWS\SYSTEM32\dbgcore.DLL
0x00007ffbcb6b0000 - 0x00007ffbcb749000 	C:\WINDOWS\System32\bcryptPrimitives.dll
0x00007ffbb8c80000 - 0x00007ffbb8c8f000 	C:\Program Files\Java\jdk-24\bin\instrument.dll
0x00007ffbb9140000 - 0x00007ffbb915e000 	C:\Program Files\Java\jdk-24\bin\java.dll
0x00007ffbcde90000 - 0x00007ffbce028000 	C:\WINDOWS\System32\ole32.dll
0x00007ffbcd6a0000 - 0x00007ffbcdded000 	C:\WINDOWS\System32\SHELL32.dll
0x00007ffbcc0d0000 - 0x00007ffbcc23c000 	C:\WINDOWS\System32\wintypes.dll

JVMTI agents:
C:\Program Files\JetBrains\IntelliJ IDEA 2025.2.1\lib\idea_rt.jar path:none, loaded, not initialized, instrumentlib options:64693

dbghelp: loaded successfully - version: 4.0.5 - missing functions: none
symbol engine: initialized successfully - sym options: 0x614 - pdb path: .;C:\Program Files\Java\jdk-24\bin;C:\WINDOWS\SYSTEM32;C:\WINDOWS\WinSxS\amd64_microsoft.windows.common-controls_6595b64144ccf1df_6.0.26100.5074_none_3e0d6f78e32fd63f;C:\Program Files\Java\jdk-24\bin\server

VM Arguments:
jvm_args: -javaagent:C:\Program Files\JetBrains\IntelliJ IDEA 2025.2.1\lib\idea_rt.jar=64693 -Dfile.encoding=UTF-8 -Dsun.stdout.encoding=UTF-8 -Dsun.stderr.encoding=UTF-8 
java_command: Pattern_Printing.AlphabetSquare
java_class_path (initial): C:\Users\dell\IdeaProjects\GreeksForGreeks\out\production\GreeksForGreeks
Launcher Type: SUN_STANDARD

[Global flags]
     intx CICompilerCount                          = 4                                         {product} {ergonomic}
     uint ConcGCThreads                            = 3                                         {product} {ergonomic}
     uint G1ConcRefinementThreads                  = 10                                        {product} {ergonomic}
   size_t G1HeapRegionSize                         = 2097152                                   {product} {ergonomic}
   size_t InitialHeapSize                          = 264241152                                 {product} {ergonomic}
   size_t MarkStackSize                            = 4194304                                   {product} {ergonomic}
   size_t MarkStackSizeMax                         = 536870912                                 {product} {ergonomic}
   size_t MaxHeapSize                              = 4213178368                                {product} {ergonomic}
   size_t MinHeapDeltaBytes                        = 2097152                                   {product} {ergonomic}
   size_t MinHeapSize                              = 8388608                                   {product} {ergonomic}
    uintx NonNMethodCodeHeapSize                   = 5832704                                {pd product} {ergonomic}
    uintx NonProfiledCodeHeapSize                  = 122945536                              {pd product} {ergonomic}
    uintx ProfiledCodeHeapSize                     = 122880000                              {pd product} {ergonomic}
    uintx ReservedCodeCacheSize                    = 251658240                              {pd product} {ergonomic}
     bool SegmentedCodeCache                       = true                                      {product} {ergonomic}
   size_t SoftMaxHeapSize                          = 4213178368                             {manageable} {ergonomic}
     bool UseCompressedOops                        = true                           {product lp64_product} {ergonomic}
     bool UseG1GC                                  = true                                      {product} {ergonomic}
     bool UseLargePagesIndividualAllocation        = false                                  {pd product} {ergonomic}

Logging:
Log output configuration:
 #0: stdout all=warning uptime,level,tags foldmultilines=false
 #1: stderr all=off uptime,level,tags foldmultilines=false

Environment Variables:
JAVA_HOME=C:\Program Files\Java\jdk-23
PATH=C:\ProgramData\anaconda3\Scripts\;C:\ProgramData\anaconda3\;C:\Program Files\Common Files\Oracle\Java\javapath;C:\WINDOWS\system32;C:\WINDOWS;C:\WINDOWS\System32\Wbem;C:\WINDOWS\System32\WindowsPowerShell\v1.0\;C:\WINDOWS\System32\OpenSSH\;C:\Program Files\dotnet\;C:\MinGW\bin;C:\Program Files\nodejs\;C:\ProgramData\chocolatey\bin;C:\Program Files\nodejs\;C:\Program Files\MySQL\MySQL Server 8.0\bin;C:\Program Files\Java\jdk-24\bin;C:\Program Files\MySQL\MySQL Shell 8.0\bin\;C:\Users\dell\AppData\Local\Microsoft\WindowsApps;C:\Users\dell\AppData\Local\Programs\Microsoft VS Code\bin;C:\Program Files\Git\bin;C:\Program Files\Git\cmd;C:\Program Files\Java\jdk-23\bin;C:\MinGW\bin;C:\Users\dell\AppData\Roaming\npm;C:\Program Files\nodejs\node_modules\npm\bin;C:\Program Files\nodejs\node_modules\npm;C:\Program Files\nodejs\;C:\Program Files\JetBrains\PyCharm 2025.2.1.1\bin;
USERNAME=dell
OS=Windows_NT
PROCESSOR_IDENTIFIER=Intel64 Family 6 Model 186 Stepping 3, GenuineIntel
TMP=C:\Users\dell\AppData\Local\Temp
TEMP=C:\Users\dell\AppData\Local\Temp




Periodic native trim disabled

---------------  S Y S T E M  ---------------

OS:
 Windows 11 , 64 bit Build 26100 (10.0.26100.5074)
OS uptime: 1 days 8:16 hours
Hyper-V role detected

CPU: total 12 (initial active 12) (6 cores per cpu, 2 threads per core) family 6 model 186 stepping 3 microcode 0x4128, cx8, cmov, fxsr, ht, mmx, 3dnowpref, sse, sse2, sse3, ssse3, sse4.1, sse4.2, popcnt, lzcnt, tsc, tscinvbit, avx, avx2, aes, erms, clmul, bmi1, bmi2, adx, sha, fma, vzeroupper, clflush, clflushopt, clwb, hv, serialize, rdtscp, rdpid, fsrm, gfni, f16c, cet_ibt, cet_ss
Processor Information for the first 12 processors :
  Max Mhz: 1300, Current Mhz: 1300, Mhz Limit: 1300

Memory: 4k page, system-wide physical 16068M (3824M free)
TotalPageFile size 16068M (AvailPageFile size 153M)
current process WorkingSet (physical memory assigned to process): 14M, peak: 14M
current process commit charge ("private bytes"): 65M, peak: 316M

vm_info: Java HotSpot(TM) 64-Bit Server VM (24.0.2+12-54) for windows-amd64 JRE (24.0.2+12-54), built on 2025-07-08T12:10:27Z with MS VC++ 17.6 (VS2022)

END.
