#
# There is insufficient memory for the Java Runtime Environment to continue.
# Native memory allocation (malloc) failed to allocate 2866256 bytes. Error detail: Chunk::new
# Possible reasons:
#   The system is out of physical RAM or swap space
#   This process is running with CompressedOops enabled, and the Java Heap may be blocking the growth of the native heap
# Possible solutions:
#   Reduce memory load on the system
#   Increase physical memory or swap space
#   Check if swap backing store is full
#   Decrease Java heap size (-Xmx/-Xms)
#   Decrease number of Java threads
#   Decrease Java thread stack sizes (-Xss)
#   Set larger code cache with -XX:ReservedCodeCacheSize=
#   JVM is running with Zero Based Compressed Oops mode in which the Java heap is
#     placed in the first 32GB address space. The Java Heap base address is the
#     maximum limit for the native heap growth. Please use -XX:HeapBaseMinAddress
#     to set the Java Heap base and to place the Java Heap above 32GB virtual address.
# This output file may be truncated or incomplete.
#
#  Out of Memory Error (arena.cpp:162), pid=18756, tid=23920
#
# JRE version: Java(TM) SE Runtime Environment (24.0.2+12) (build 24.0.2+12-54)
# Java VM: Java HotSpot(TM) 64-Bit Server VM (24.0.2+12-54, mixed mode, sharing, tiered, compressed oops, compressed class ptrs, g1 gc, windows-amd64)
# No core dump will be written. Minidumps are not enabled by default on client versions of Windows
#

---------------  S U M M A R Y ------------

Command Line: -javaagent:C:\Program Files\JetBrains\IntelliJ IDEA Community Edition 2025.2.1\lib\idea_rt.jar=64783 -Dfile.encoding=UTF-8 -Dsun.stdout.encoding=UTF-8 -Dsun.stderr.encoding=UTF-8 Pattern_Printing.AlphabetSquare

Host: 13th Gen Intel(R) Core(TM) i5-1335U, 12 cores, 15G,  Windows 11 , 64 bit Build 26100 (10.0.26100.5074)
Time: Wed Sep 24 12:26:18 2025 India Standard Time elapsed time: 364.522998 seconds (0d 0h 6m 4s)

---------------  T H R E A D  ---------------

Current thread (0x0000018d38676800):  JavaThread "C2 CompilerThread0" daemon [_thread_in_native, id=23920, stack(0x00000017d9c00000,0x00000017d9d00000) (1024K)]


Current CompileTask:
C2:364523 1852       4       java.util.TreeMap::put (221 bytes)

Stack: [0x00000017d9c00000,0x00000017d9d00000]
Native frames: (J=compiled Java code, j=interpreted, Vv=VM code, C=native code)
V  [jvm.dll+0x730829]  (no source info available)
V  [jvm.dll+0x8d9da3]  (no source info available)
V  [jvm.dll+0x8dc28d]  (no source info available)
V  [jvm.dll+0x8dc903]  (no source info available)
V  [jvm.dll+0x2a9f56]  (no source info available)
V  [jvm.dll+0xced7f]  (no source info available)
V  [jvm.dll+0xcefdf]  (no source info available)
V  [jvm.dll+0x154c83]  (no source info available)
V  [jvm.dll+0x73604f]  (no source info available)
V  [jvm.dll+0x26f8dc]  (no source info available)
V  [jvm.dll+0x26e8ff]  (no source info available)
V  [jvm.dll+0x1e9c90]  (no source info available)
V  [jvm.dll+0x27e0cb]  (no source info available)
V  [jvm.dll+0x27c36a]  (no source info available)
V  [jvm.dll+0x42f396]  (no source info available)
V  [jvm.dll+0x87d9eb]  (no source info available)
V  [jvm.dll+0x72ef45]  (no source info available)
C  [ucrtbase.dll+0x37b0]  (no source info available)
C  [KERNEL32.DLL+0x2e8d7]  (no source info available)
C  [ntdll.dll+0x8d9c]  (no source info available)

Lock stack of current Java thread (top to bottom):


---------------  P R O C E S S  ---------------

Threads class SMR info:
_java_thread_list=0x0000018d7e5b23e0, length=16, elements={
0x0000018d18c6bcd0, 0x0000018d38668c60, 0x0000018d3866b4b0, 0x0000018d3866bfe0,
0x0000018d3866cb10, 0x0000018d3866d640, 0x0000018d38674a20, 0x0000018d38676800,
0x0000018d38699310, 0x0000018d388a1c30, 0x0000018d388bc560, 0x0000018d388bcca0,
0x0000018d7e519380, 0x0000018d7e514480, 0x0000018d7e52a0d0, 0x0000018d7e52dc40
}

Java Threads: ( => current thread )
  0x0000018d18c6bcd0 JavaThread "main"                              [_thread_in_native, id=22800, stack(0x00000017d8e00000,0x00000017d8f00000) (1024K)]
  0x0000018d38668c60 JavaThread "Reference Handler"          daemon [_thread_blocked, id=24700, stack(0x00000017d9600000,0x00000017d9700000) (1024K)]
  0x0000018d3866b4b0 JavaThread "Finalizer"                  daemon [_thread_blocked, id=7796, stack(0x00000017d9700000,0x00000017d9800000) (1024K)]
  0x0000018d3866bfe0 JavaThread "Signal Dispatcher"          daemon [_thread_blocked, id=12108, stack(0x00000017d9800000,0x00000017d9900000) (1024K)]
  0x0000018d3866cb10 JavaThread "Attach Listener"            daemon [_thread_blocked, id=16128, stack(0x00000017d9900000,0x00000017d9a00000) (1024K)]
  0x0000018d3866d640 JavaThread "Service Thread"             daemon [_thread_blocked, id=19636, stack(0x00000017d9a00000,0x00000017d9b00000) (1024K)]
  0x0000018d38674a20 JavaThread "Monitor Deflation Thread"   daemon [_thread_blocked, id=1356, stack(0x00000017d9b00000,0x00000017d9c00000) (1024K)]
=>0x0000018d38676800 JavaThread "C2 CompilerThread0"         daemon [_thread_in_native, id=23920, stack(0x00000017d9c00000,0x00000017d9d00000) (1024K)]
  0x0000018d38699310 JavaThread "C1 CompilerThread0"         daemon [_thread_blocked, id=2192, stack(0x00000017d9d00000,0x00000017d9e00000) (1024K)]
  0x0000018d388a1c30 JavaThread "Common-Cleaner"             daemon [_thread_blocked, id=13928, stack(0x00000017d9e00000,0x00000017d9f00000) (1024K)]
  0x0000018d388bc560 JavaThread "Monitor Ctrl-Break"         daemon [_thread_in_native, id=6920, stack(0x00000017d9f00000,0x00000017da000000) (1024K)]
  0x0000018d388bcca0 JavaThread "Notification Thread"        daemon [_thread_blocked, id=5800, stack(0x00000017da000000,0x00000017da100000) (1024K)]
  0x0000018d7e519380 JavaThread "RMI TCP Accept-0"           daemon [_thread_in_native, id=29304, stack(0x00000017da300000,0x00000017da400000) (1024K)]
  0x0000018d7e514480 JavaThread "RMI TCP Connection(1)-192.168.214.81" daemon [_thread_in_native, id=25904, stack(0x00000017da400000,0x00000017da500000) (1024K)]
  0x0000018d7e52a0d0 JavaThread "RMI Scheduler(0)"           daemon [_thread_blocked, id=23008, stack(0x00000017da500000,0x00000017da600000) (1024K)]
  0x0000018d7e52dc40 JavaThread "JMX server connection timeout 31" daemon [_thread_blocked, id=5696, stack(0x00000017da600000,0x00000017da700000) (1024K)]
Total: 16

Other Threads:
  0x0000018d38657960 VMThread "VM Thread"                           [id=18080, stack(0x00000017d9500000,0x00000017d9600000) (1024K)]
  0x0000018d38510e70 WatcherThread "VM Periodic Task Thread"        [id=16356, stack(0x00000017d9400000,0x00000017d9500000) (1024K)]
  0x0000018d18cd4a50 WorkerThread "GC Thread#0"                     [id=24436, stack(0x00000017d8f00000,0x00000017d9000000) (1024K)]
  0x0000018d18ce9470 ConcurrentGCThread "G1 Main Marker"            [id=13748, stack(0x00000017d9000000,0x00000017d9100000) (1024K)]
  0x0000018d18ceae70 WorkerThread "G1 Conc#0"                       [id=14528, stack(0x00000017d9100000,0x00000017d9200000) (1024K)]
  0x0000018d18d2ea50 ConcurrentGCThread "G1 Refine#0"               [id=19164, stack(0x00000017d9200000,0x00000017d9300000) (1024K)]
  0x0000018d385065f0 ConcurrentGCThread "G1 Service"                [id=28648, stack(0x00000017d9300000,0x00000017d9400000) (1024K)]
Total: 7

Threads with active compile tasks:
C2 CompilerThread0  364727 1852       4       java.util.TreeMap::put (221 bytes)
Total: 1

VM state: not at safepoint (normal execution)

VM Mutex/Monitor currently owned by a thread: None

Heap address: 0x0000000704e00000, size: 4018 MB, Compressed Oops mode: Zero based, Oop shift amount: 3

CDS archive(s) mapped at: [0x0000018d39000000-0x0000018d39d40000-0x0000018d39d40000), size 13893632, SharedBaseAddress: 0x0000018d39000000, ArchiveRelocationMode: 1.
Compressed class space mapped at: 0x0000018d3a000000-0x0000018d7a000000, reserved size: 1073741824
UseCompressedClassPointers 1, UseCompactObjectHeaders 0
Narrow klass pointer bits 32, Max shift 3
Narrow klass base: 0x0000018d39000000, Narrow klass shift: 0
Encoding Range: [0x0000018d39000000 - 0x0000018e39000000), (4294967296 bytes)
Klass Range:    [0x0000018d39000000 - 0x0000018d7a000000), (1090519040 bytes)
Klass ID Range:  [8 - 1090519033) (1090519025)

GC Precious Log:
 CardTable entry size: 512
 Card Set container configuration: InlinePtr #cards 4 size 8 Array Of Cards #cards 16 size 48 Howl #buckets 8 coarsen threshold 3686 Howl Bitmap #cards 512 size 80 coarsen threshold 460 Card regions per heap region 1 cards per card region 4096
 CPUs: 12 total, 12 available
 Memory: 16068M
 Large Page Support: Disabled
 NUMA Support: Disabled
 Compressed Oops: Enabled (Zero based)
 Heap Region Size: 2M
 Heap Min Capacity: 8M
 Heap Initial Capacity: 252M
 Heap Max Capacity: 4018M
 Pre-touch: Disabled
 Parallel Workers: 10
 Concurrent Workers: 3
 Concurrent Refinement Workers: 10
 Periodic GC: Disabled

Heap:
 garbage-first heap   total reserved 4114432K, committed 260096K, used 29812K [0x0000000704e00000, 0x0000000800000000)
  region size 2048K, 15 young (30720K), 0 survivors (0K)
 Metaspace       used 6913K, committed 7168K, reserved 1114112K
  class space    used 588K, committed 704K, reserved 1048576K

Heap Regions: E=young(eden), S=young(survivor), O=old, HS=humongous(starts), HC=humongous(continues), CS=collection set, F=free, TAMS=top-at-mark-start, PB=parsable bottom
|   0|0x0000000704e00000, 0x0000000704e00000, 0x0000000705000000|  0%| F|  |TAMS 0x0000000704e00000| PB 0x0000000704e00000| Untracked |  0
|   1|0x0000000705000000, 0x0000000705000000, 0x0000000705200000|  0%| F|  |TAMS 0x0000000705000000| PB 0x0000000705000000| Untracked |  0
|   2|0x0000000705200000, 0x0000000705200000, 0x0000000705400000|  0%| F|  |TAMS 0x0000000705200000| PB 0x0000000705200000| Untracked |  0
|   3|0x0000000705400000, 0x0000000705400000, 0x0000000705600000|  0%| F|  |TAMS 0x0000000705400000| PB 0x0000000705400000| Untracked |  0
|   4|0x0000000705600000, 0x0000000705600000, 0x0000000705800000|  0%| F|  |TAMS 0x0000000705600000| PB 0x0000000705600000| Untracked |  0
|   5|0x0000000705800000, 0x0000000705800000, 0x0000000705a00000|  0%| F|  |TAMS 0x0000000705800000| PB 0x0000000705800000| Untracked |  0
|   6|0x0000000705a00000, 0x0000000705a00000, 0x0000000705c00000|  0%| F|  |TAMS 0x0000000705a00000| PB 0x0000000705a00000| Untracked |  0
|   7|0x0000000705c00000, 0x0000000705c00000, 0x0000000705e00000|  0%| F|  |TAMS 0x0000000705c00000| PB 0x0000000705c00000| Untracked |  0
|   8|0x0000000705e00000, 0x0000000705e00000, 0x0000000706000000|  0%| F|  |TAMS 0x0000000705e00000| PB 0x0000000705e00000| Untracked |  0
|   9|0x0000000706000000, 0x0000000706000000, 0x0000000706200000|  0%| F|  |TAMS 0x0000000706000000| PB 0x0000000706000000| Untracked |  0
|  10|0x0000000706200000, 0x0000000706200000, 0x0000000706400000|  0%| F|  |TAMS 0x0000000706200000| PB 0x0000000706200000| Untracked |  0
|  11|0x0000000706400000, 0x0000000706400000, 0x0000000706600000|  0%| F|  |TAMS 0x0000000706400000| PB 0x0000000706400000| Untracked |  0
|  12|0x0000000706600000, 0x0000000706600000, 0x0000000706800000|  0%| F|  |TAMS 0x0000000706600000| PB 0x0000000706600000| Untracked |  0
|  13|0x0000000706800000, 0x0000000706800000, 0x0000000706a00000|  0%| F|  |TAMS 0x0000000706800000| PB 0x0000000706800000| Untracked |  0
|  14|0x0000000706a00000, 0x0000000706a00000, 0x0000000706c00000|  0%| F|  |TAMS 0x0000000706a00000| PB 0x0000000706a00000| Untracked |  0
|  15|0x0000000706c00000, 0x0000000706c00000, 0x0000000706e00000|  0%| F|  |TAMS 0x0000000706c00000| PB 0x0000000706c00000| Untracked |  0
|  16|0x0000000706e00000, 0x0000000706e00000, 0x0000000707000000|  0%| F|  |TAMS 0x0000000706e00000| PB 0x0000000706e00000| Untracked |  0
|  17|0x0000000707000000, 0x0000000707000000, 0x0000000707200000|  0%| F|  |TAMS 0x0000000707000000| PB 0x0000000707000000| Untracked |  0
|  18|0x0000000707200000, 0x0000000707200000, 0x0000000707400000|  0%| F|  |TAMS 0x0000000707200000| PB 0x0000000707200000| Untracked |  0
|  19|0x0000000707400000, 0x0000000707400000, 0x0000000707600000|  0%| F|  |TAMS 0x0000000707400000| PB 0x0000000707400000| Untracked |  0
|  20|0x0000000707600000, 0x0000000707600000, 0x0000000707800000|  0%| F|  |TAMS 0x0000000707600000| PB 0x0000000707600000| Untracked |  0
|  21|0x0000000707800000, 0x0000000707800000, 0x0000000707a00000|  0%| F|  |TAMS 0x0000000707800000| PB 0x0000000707800000| Untracked |  0
|  22|0x0000000707a00000, 0x0000000707a00000, 0x0000000707c00000|  0%| F|  |TAMS 0x0000000707a00000| PB 0x0000000707a00000| Untracked |  0
|  23|0x0000000707c00000, 0x0000000707c00000, 0x0000000707e00000|  0%| F|  |TAMS 0x0000000707c00000| PB 0x0000000707c00000| Untracked |  0
|  24|0x0000000707e00000, 0x0000000707e00000, 0x0000000708000000|  0%| F|  |TAMS 0x0000000707e00000| PB 0x0000000707e00000| Untracked |  0
|  25|0x0000000708000000, 0x0000000708000000, 0x0000000708200000|  0%| F|  |TAMS 0x0000000708000000| PB 0x0000000708000000| Untracked |  0
|  26|0x0000000708200000, 0x0000000708200000, 0x0000000708400000|  0%| F|  |TAMS 0x0000000708200000| PB 0x0000000708200000| Untracked |  0
|  27|0x0000000708400000, 0x0000000708400000, 0x0000000708600000|  0%| F|  |TAMS 0x0000000708400000| PB 0x0000000708400000| Untracked |  0
|  28|0x0000000708600000, 0x0000000708600000, 0x0000000708800000|  0%| F|  |TAMS 0x0000000708600000| PB 0x0000000708600000| Untracked |  0
|  29|0x0000000708800000, 0x0000000708800000, 0x0000000708a00000|  0%| F|  |TAMS 0x0000000708800000| PB 0x0000000708800000| Untracked |  0
|  30|0x0000000708a00000, 0x0000000708a00000, 0x0000000708c00000|  0%| F|  |TAMS 0x0000000708a00000| PB 0x0000000708a00000| Untracked |  0
|  31|0x0000000708c00000, 0x0000000708c00000, 0x0000000708e00000|  0%| F|  |TAMS 0x0000000708c00000| PB 0x0000000708c00000| Untracked |  0
|  32|0x0000000708e00000, 0x0000000708e00000, 0x0000000709000000|  0%| F|  |TAMS 0x0000000708e00000| PB 0x0000000708e00000| Untracked |  0
|  33|0x0000000709000000, 0x0000000709000000, 0x0000000709200000|  0%| F|  |TAMS 0x0000000709000000| PB 0x0000000709000000| Untracked |  0
|  34|0x0000000709200000, 0x0000000709200000, 0x0000000709400000|  0%| F|  |TAMS 0x0000000709200000| PB 0x0000000709200000| Untracked |  0
|  35|0x0000000709400000, 0x0000000709400000, 0x0000000709600000|  0%| F|  |TAMS 0x0000000709400000| PB 0x0000000709400000| Untracked |  0
|  36|0x0000000709600000, 0x0000000709600000, 0x0000000709800000|  0%| F|  |TAMS 0x0000000709600000| PB 0x0000000709600000| Untracked |  0
|  37|0x0000000709800000, 0x0000000709800000, 0x0000000709a00000|  0%| F|  |TAMS 0x0000000709800000| PB 0x0000000709800000| Untracked |  0
|  38|0x0000000709a00000, 0x0000000709a00000, 0x0000000709c00000|  0%| F|  |TAMS 0x0000000709a00000| PB 0x0000000709a00000| Untracked |  0
|  39|0x0000000709c00000, 0x0000000709c00000, 0x0000000709e00000|  0%| F|  |TAMS 0x0000000709c00000| PB 0x0000000709c00000| Untracked |  0
|  40|0x0000000709e00000, 0x0000000709e00000, 0x000000070a000000|  0%| F|  |TAMS 0x0000000709e00000| PB 0x0000000709e00000| Untracked |  0
|  41|0x000000070a000000, 0x000000070a000000, 0x000000070a200000|  0%| F|  |TAMS 0x000000070a000000| PB 0x000000070a000000| Untracked |  0
|  42|0x000000070a200000, 0x000000070a200000, 0x000000070a400000|  0%| F|  |TAMS 0x000000070a200000| PB 0x000000070a200000| Untracked |  0
|  43|0x000000070a400000, 0x000000070a400000, 0x000000070a600000|  0%| F|  |TAMS 0x000000070a400000| PB 0x000000070a400000| Untracked |  0
|  44|0x000000070a600000, 0x000000070a600000, 0x000000070a800000|  0%| F|  |TAMS 0x000000070a600000| PB 0x000000070a600000| Untracked |  0
|  45|0x000000070a800000, 0x000000070a800000, 0x000000070aa00000|  0%| F|  |TAMS 0x000000070a800000| PB 0x000000070a800000| Untracked |  0
|  46|0x000000070aa00000, 0x000000070aa00000, 0x000000070ac00000|  0%| F|  |TAMS 0x000000070aa00000| PB 0x000000070aa00000| Untracked |  0
|  47|0x000000070ac00000, 0x000000070ac00000, 0x000000070ae00000|  0%| F|  |TAMS 0x000000070ac00000| PB 0x000000070ac00000| Untracked |  0
|  48|0x000000070ae00000, 0x000000070ae00000, 0x000000070b000000|  0%| F|  |TAMS 0x000000070ae00000| PB 0x000000070ae00000| Untracked |  0
|  49|0x000000070b000000, 0x000000070b000000, 0x000000070b200000|  0%| F|  |TAMS 0x000000070b000000| PB 0x000000070b000000| Untracked |  0
|  50|0x000000070b200000, 0x000000070b200000, 0x000000070b400000|  0%| F|  |TAMS 0x000000070b200000| PB 0x000000070b200000| Untracked |  0
|  51|0x000000070b400000, 0x000000070b400000, 0x000000070b600000|  0%| F|  |TAMS 0x000000070b400000| PB 0x000000070b400000| Untracked |  0
|  52|0x000000070b600000, 0x000000070b600000, 0x000000070b800000|  0%| F|  |TAMS 0x000000070b600000| PB 0x000000070b600000| Untracked |  0
|  53|0x000000070b800000, 0x000000070b800000, 0x000000070ba00000|  0%| F|  |TAMS 0x000000070b800000| PB 0x000000070b800000| Untracked |  0
|  54|0x000000070ba00000, 0x000000070ba00000, 0x000000070bc00000|  0%| F|  |TAMS 0x000000070ba00000| PB 0x000000070ba00000| Untracked |  0
|  55|0x000000070bc00000, 0x000000070bc00000, 0x000000070be00000|  0%| F|  |TAMS 0x000000070bc00000| PB 0x000000070bc00000| Untracked |  0
|  56|0x000000070be00000, 0x000000070be00000, 0x000000070c000000|  0%| F|  |TAMS 0x000000070be00000| PB 0x000000070be00000| Untracked |  0
|  57|0x000000070c000000, 0x000000070c000000, 0x000000070c200000|  0%| F|  |TAMS 0x000000070c000000| PB 0x000000070c000000| Untracked |  0
|  58|0x000000070c200000, 0x000000070c200000, 0x000000070c400000|  0%| F|  |TAMS 0x000000070c200000| PB 0x000000070c200000| Untracked |  0
|  59|0x000000070c400000, 0x000000070c400000, 0x000000070c600000|  0%| F|  |TAMS 0x000000070c400000| PB 0x000000070c400000| Untracked |  0
|  60|0x000000070c600000, 0x000000070c600000, 0x000000070c800000|  0%| F|  |TAMS 0x000000070c600000| PB 0x000000070c600000| Untracked |  0
|  61|0x000000070c800000, 0x000000070c800000, 0x000000070ca00000|  0%| F|  |TAMS 0x000000070c800000| PB 0x000000070c800000| Untracked |  0
|  62|0x000000070ca00000, 0x000000070ca00000, 0x000000070cc00000|  0%| F|  |TAMS 0x000000070ca00000| PB 0x000000070ca00000| Untracked |  0
|  63|0x000000070cc00000, 0x000000070cc00000, 0x000000070ce00000|  0%| F|  |TAMS 0x000000070cc00000| PB 0x000000070cc00000| Untracked |  0
|  64|0x000000070ce00000, 0x000000070ce00000, 0x000000070d000000|  0%| F|  |TAMS 0x000000070ce00000| PB 0x000000070ce00000| Untracked |  0
|  65|0x000000070d000000, 0x000000070d000000, 0x000000070d200000|  0%| F|  |TAMS 0x000000070d000000| PB 0x000000070d000000| Untracked |  0
|  66|0x000000070d200000, 0x000000070d200000, 0x000000070d400000|  0%| F|  |TAMS 0x000000070d200000| PB 0x000000070d200000| Untracked |  0
|  67|0x000000070d400000, 0x000000070d400000, 0x000000070d600000|  0%| F|  |TAMS 0x000000070d400000| PB 0x000000070d400000| Untracked |  0
|  68|0x000000070d600000, 0x000000070d600000, 0x000000070d800000|  0%| F|  |TAMS 0x000000070d600000| PB 0x000000070d600000| Untracked |  0
|  69|0x000000070d800000, 0x000000070d800000, 0x000000070da00000|  0%| F|  |TAMS 0x000000070d800000| PB 0x000000070d800000| Untracked |  0
|  70|0x000000070da00000, 0x000000070da00000, 0x000000070dc00000|  0%| F|  |TAMS 0x000000070da00000| PB 0x000000070da00000| Untracked |  0
|  71|0x000000070dc00000, 0x000000070dc00000, 0x000000070de00000|  0%| F|  |TAMS 0x000000070dc00000| PB 0x000000070dc00000| Untracked |  0
|  72|0x000000070de00000, 0x000000070de00000, 0x000000070e000000|  0%| F|  |TAMS 0x000000070de00000| PB 0x000000070de00000| Untracked |  0
|  73|0x000000070e000000, 0x000000070e000000, 0x000000070e200000|  0%| F|  |TAMS 0x000000070e000000| PB 0x000000070e000000| Untracked |  0
|  74|0x000000070e200000, 0x000000070e200000, 0x000000070e400000|  0%| F|  |TAMS 0x000000070e200000| PB 0x000000070e200000| Untracked |  0
|  75|0x000000070e400000, 0x000000070e400000, 0x000000070e600000|  0%| F|  |TAMS 0x000000070e400000| PB 0x000000070e400000| Untracked |  0
|  76|0x000000070e600000, 0x000000070e600000, 0x000000070e800000|  0%| F|  |TAMS 0x000000070e600000| PB 0x000000070e600000| Untracked |  0
|  77|0x000000070e800000, 0x000000070e800000, 0x000000070ea00000|  0%| F|  |TAMS 0x000000070e800000| PB 0x000000070e800000| Untracked |  0
|  78|0x000000070ea00000, 0x000000070ea00000, 0x000000070ec00000|  0%| F|  |TAMS 0x000000070ea00000| PB 0x000000070ea00000| Untracked |  0
|  79|0x000000070ec00000, 0x000000070ec00000, 0x000000070ee00000|  0%| F|  |TAMS 0x000000070ec00000| PB 0x000000070ec00000| Untracked |  0
|  80|0x000000070ee00000, 0x000000070ee00000, 0x000000070f000000|  0%| F|  |TAMS 0x000000070ee00000| PB 0x000000070ee00000| Untracked |  0
|  81|0x000000070f000000, 0x000000070f000000, 0x000000070f200000|  0%| F|  |TAMS 0x000000070f000000| PB 0x000000070f000000| Untracked |  0
|  82|0x000000070f200000, 0x000000070f200000, 0x000000070f400000|  0%| F|  |TAMS 0x000000070f200000| PB 0x000000070f200000| Untracked |  0
|  83|0x000000070f400000, 0x000000070f400000, 0x000000070f600000|  0%| F|  |TAMS 0x000000070f400000| PB 0x000000070f400000| Untracked |  0
|  84|0x000000070f600000, 0x000000070f600000, 0x000000070f800000|  0%| F|  |TAMS 0x000000070f600000| PB 0x000000070f600000| Untracked |  0
|  85|0x000000070f800000, 0x000000070f800000, 0x000000070fa00000|  0%| F|  |TAMS 0x000000070f800000| PB 0x000000070f800000| Untracked |  0
|  86|0x000000070fa00000, 0x000000070fa00000, 0x000000070fc00000|  0%| F|  |TAMS 0x000000070fa00000| PB 0x000000070fa00000| Untracked |  0
|  87|0x000000070fc00000, 0x000000070fc00000, 0x000000070fe00000|  0%| F|  |TAMS 0x000000070fc00000| PB 0x000000070fc00000| Untracked |  0
|  88|0x000000070fe00000, 0x000000070fe00000, 0x0000000710000000|  0%| F|  |TAMS 0x000000070fe00000| PB 0x000000070fe00000| Untracked |  0
|  89|0x0000000710000000, 0x0000000710000000, 0x0000000710200000|  0%| F|  |TAMS 0x0000000710000000| PB 0x0000000710000000| Untracked |  0
|  90|0x0000000710200000, 0x0000000710200000, 0x0000000710400000|  0%| F|  |TAMS 0x0000000710200000| PB 0x0000000710200000| Untracked |  0
|  91|0x0000000710400000, 0x0000000710400000, 0x0000000710600000|  0%| F|  |TAMS 0x0000000710400000| PB 0x0000000710400000| Untracked |  0
|  92|0x0000000710600000, 0x0000000710600000, 0x0000000710800000|  0%| F|  |TAMS 0x0000000710600000| PB 0x0000000710600000| Untracked |  0
|  93|0x0000000710800000, 0x0000000710800000, 0x0000000710a00000|  0%| F|  |TAMS 0x0000000710800000| PB 0x0000000710800000| Untracked |  0
|  94|0x0000000710a00000, 0x0000000710a00000, 0x0000000710c00000|  0%| F|  |TAMS 0x0000000710a00000| PB 0x0000000710a00000| Untracked |  0
|  95|0x0000000710c00000, 0x0000000710c00000, 0x0000000710e00000|  0%| F|  |TAMS 0x0000000710c00000| PB 0x0000000710c00000| Untracked |  0
|  96|0x0000000710e00000, 0x0000000710e00000, 0x0000000711000000|  0%| F|  |TAMS 0x0000000710e00000| PB 0x0000000710e00000| Untracked |  0
|  97|0x0000000711000000, 0x0000000711000000, 0x0000000711200000|  0%| F|  |TAMS 0x0000000711000000| PB 0x0000000711000000| Untracked |  0
|  98|0x0000000711200000, 0x0000000711200000, 0x0000000711400000|  0%| F|  |TAMS 0x0000000711200000| PB 0x0000000711200000| Untracked |  0
|  99|0x0000000711400000, 0x0000000711400000, 0x0000000711600000|  0%| F|  |TAMS 0x0000000711400000| PB 0x0000000711400000| Untracked |  0
| 100|0x0000000711600000, 0x0000000711600000, 0x0000000711800000|  0%| F|  |TAMS 0x0000000711600000| PB 0x0000000711600000| Untracked |  0
| 101|0x0000000711800000, 0x0000000711800000, 0x0000000711a00000|  0%| F|  |TAMS 0x0000000711800000| PB 0x0000000711800000| Untracked |  0
| 102|0x0000000711a00000, 0x0000000711a00000, 0x0000000711c00000|  0%| F|  |TAMS 0x0000000711a00000| PB 0x0000000711a00000| Untracked |  0
| 103|0x0000000711c00000, 0x0000000711c00000, 0x0000000711e00000|  0%| F|  |TAMS 0x0000000711c00000| PB 0x0000000711c00000| Untracked |  0
| 104|0x0000000711e00000, 0x0000000711e00000, 0x0000000712000000|  0%| F|  |TAMS 0x0000000711e00000| PB 0x0000000711e00000| Untracked |  0
| 105|0x0000000712000000, 0x0000000712000000, 0x0000000712200000|  0%| F|  |TAMS 0x0000000712000000| PB 0x0000000712000000| Untracked |  0
| 106|0x0000000712200000, 0x0000000712200000, 0x0000000712400000|  0%| F|  |TAMS 0x0000000712200000| PB 0x0000000712200000| Untracked |  0
| 107|0x0000000712400000, 0x0000000712400000, 0x0000000712600000|  0%| F|  |TAMS 0x0000000712400000| PB 0x0000000712400000| Untracked |  0
| 108|0x0000000712600000, 0x0000000712600000, 0x0000000712800000|  0%| F|  |TAMS 0x0000000712600000| PB 0x0000000712600000| Untracked |  0
| 109|0x0000000712800000, 0x0000000712800000, 0x0000000712a00000|  0%| F|  |TAMS 0x0000000712800000| PB 0x0000000712800000| Untracked |  0
| 110|0x0000000712a00000, 0x0000000712a00000, 0x0000000712c00000|  0%| F|  |TAMS 0x0000000712a00000| PB 0x0000000712a00000| Untracked |  0
| 111|0x0000000712c00000, 0x0000000712cf5c40, 0x0000000712e00000| 48%| E|  |TAMS 0x0000000712c00000| PB 0x0000000712c00000| Complete |  0
| 112|0x0000000712e00000, 0x0000000713000000, 0x0000000713000000|100%| E|CS|TAMS 0x0000000712e00000| PB 0x0000000712e00000| Complete |  0
| 113|0x0000000713000000, 0x0000000713200000, 0x0000000713200000|100%| E|CS|TAMS 0x0000000713000000| PB 0x0000000713000000| Complete |  0
| 114|0x0000000713200000, 0x0000000713400000, 0x0000000713400000|100%| E|CS|TAMS 0x0000000713200000| PB 0x0000000713200000| Complete |  0
| 115|0x0000000713400000, 0x0000000713600000, 0x0000000713600000|100%| E|CS|TAMS 0x0000000713400000| PB 0x0000000713400000| Complete |  0
| 116|0x0000000713600000, 0x0000000713800000, 0x0000000713800000|100%| E|CS|TAMS 0x0000000713600000| PB 0x0000000713600000| Complete |  0
| 117|0x0000000713800000, 0x0000000713a00000, 0x0000000713a00000|100%| E|CS|TAMS 0x0000000713800000| PB 0x0000000713800000| Complete |  0
| 118|0x0000000713a00000, 0x0000000713c00000, 0x0000000713c00000|100%| E|CS|TAMS 0x0000000713a00000| PB 0x0000000713a00000| Complete |  0
| 119|0x0000000713c00000, 0x0000000713e00000, 0x0000000713e00000|100%| E|CS|TAMS 0x0000000713c00000| PB 0x0000000713c00000| Complete |  0
| 120|0x0000000713e00000, 0x0000000714000000, 0x0000000714000000|100%| E|CS|TAMS 0x0000000713e00000| PB 0x0000000713e00000| Complete |  0
| 121|0x0000000714000000, 0x0000000714200000, 0x0000000714200000|100%| E|CS|TAMS 0x0000000714000000| PB 0x0000000714000000| Complete |  0
| 122|0x0000000714200000, 0x0000000714400000, 0x0000000714400000|100%| E|CS|TAMS 0x0000000714200000| PB 0x0000000714200000| Complete |  0
| 123|0x0000000714400000, 0x0000000714600000, 0x0000000714600000|100%| E|CS|TAMS 0x0000000714400000| PB 0x0000000714400000| Complete |  0
| 124|0x0000000714600000, 0x0000000714800000, 0x0000000714800000|100%| E|CS|TAMS 0x0000000714600000| PB 0x0000000714600000| Complete |  0
| 125|0x0000000714800000, 0x0000000714a00000, 0x0000000714a00000|100%| E|CS|TAMS 0x0000000714800000| PB 0x0000000714800000| Complete |  0
|2008|0x00000007ffe00000, 0x00000007fff1d248, 0x0000000800000000| 55%| O|  |TAMS 0x00000007ffe00000| PB 0x00000007ffe00000| Untracked |  0

Card table byte_map: [0x0000018d31350000,0x0000018d31b30000] _byte_map_base: 0x0000018d2db29000

Marking Bits: (CMBitMap*) 0x0000018d18cd5160
 Bits: [0x0000018d31b30000, 0x0000018d359f8000)

Polling page: 0x0000018d16a30000

Metaspace:

Usage:
  Non-class:      6.18 MB used.
      Class:    588.71 KB used.
       Both:      6.75 MB used.

Virtual space:
  Non-class space:       64.00 MB reserved,       6.31 MB ( 10%) committed,  1 nodes.
      Class space:        1.00 GB reserved,     704.00 KB ( <1%) committed,  1 nodes.
             Both:        1.06 GB reserved,       7.00 MB ( <1%) committed. 

Chunk freelists:
   Non-Class:  8.97 MB
       Class:  15.19 MB
        Both:  24.16 MB

MaxMetaspaceSize: unlimited
CompressedClassSpaceSize: 1.00 GB
Initial GC threshold: 21.00 MB
Current GC threshold: 21.00 MB
CDS: on
 - commit_granule_bytes: 65536.
 - commit_granule_words: 8192.
 - virtual_space_node_default_size: 8388608.
 - enlarge_chunks_in_place: 1.
UseCompressedClassPointers 1, UseCompactObjectHeaders 0
Narrow klass pointer bits 32, Max shift 3
Narrow klass base: 0x0000018d39000000, Narrow klass shift: 0
Encoding Range: [0x0000018d39000000 - 0x0000018e39000000), (4294967296 bytes)
Klass Range:    [0x0000018d39000000 - 0x0000018d7a000000), (1090519040 bytes)
Klass ID Range:  [8 - 1090519033) (1090519025)


Internal statistics:

num_allocs_failed_limit: 0.
num_arena_births: 190.
num_arena_deaths: 0.
num_vsnodes_births: 2.
num_vsnodes_deaths: 0.
num_space_committed: 112.
num_space_uncommitted: 0.
num_chunks_returned_to_freelist: 0.
num_chunks_taken_from_freelist: 265.
num_chunk_merges: 0.
num_chunk_splits: 153.
num_chunks_enlarged: 56.
num_inconsistent_stats: 0.

CodeHeap 'non-profiled nmethods': size=120064Kb used=603Kb max_used=603Kb free=119460Kb
 bounds [0x0000018d28fd0000, 0x0000018d29240000, 0x0000018d30510000]
CodeHeap 'profiled nmethods': size=120000Kb used=2944Kb max_used=2944Kb free=117055Kb
 bounds [0x0000018d21510000, 0x0000018d21800000, 0x0000018d28a40000]
CodeHeap 'non-nmethods': size=5696Kb used=1328Kb max_used=1433Kb free=4368Kb
 bounds [0x0000018d28a40000, 0x0000018d28cb0000, 0x0000018d28fd0000]
CodeCache: size=245760Kb, used=4875Kb, max_used=4980Kb, free=240883Kb
 total_blobs=2344, nmethods=1850, adapters=399, full_count=0
Compilation: enabled, stopped_count=0, restarted_count=0

Compilation events (20 events):
Event: 316.456 Thread 0x0000018d38676800 nmethod 1842 0x0000018d29061388 code [0x0000018d290614a0, 0x0000018d29061630]
Event: 318.539 Thread 0x0000018d38676800 1843       4       java.util.HashMap$HashIterator::hasNext (13 bytes)
Event: 318.539 Thread 0x0000018d38676800 nmethod 1843 0x0000018d29061688 code [0x0000018d29061780, 0x0000018d29061800]
Event: 321.632 Thread 0x0000018d38676800 1844       4       java.lang.StringLatin1::lastIndexOf (40 bytes)
Event: 321.636 Thread 0x0000018d38676800 nmethod 1844 0x0000018d29061988 code [0x0000018d29061aa0, 0x0000018d29061c98]
Event: 327.972 Thread 0x0000018d38676800 1845       4       java.lang.Long::valueOf (40 bytes)
Event: 327.973 Thread 0x0000018d38676800 nmethod 1845 0x0000018d29061d08 code [0x0000018d29061e00, 0x0000018d29061f10]
Event: 329.031 Thread 0x0000018d38676800 1846       4       java.io.ClassCache::get (56 bytes)
Event: 329.036 Thread 0x0000018d38676800 nmethod 1846 0x0000018d29062008 code [0x0000018d29062140, 0x0000018d29062538]
Event: 332.201 Thread 0x0000018d38676800 1847       4       jdk.internal.misc.Unsafe::putLongUnaligned (14 bytes)
Event: 332.203 Thread 0x0000018d38676800 nmethod 1847 0x0000018d29062608 code [0x0000018d29062700, 0x0000018d290627d0]
Event: 343.621 Thread 0x0000018d38676800 1848       4       jdk.internal.util.ByteArray::setLong (10 bytes)
Event: 343.625 Thread 0x0000018d38676800 nmethod 1848 0x0000018d29062908 code [0x0000018d29062a00, 0x0000018d29062ad8]
Event: 355.689 Thread 0x0000018d38676800 1849       4       java.lang.AbstractStringBuilder::append (37 bytes)
Event: 355.722 Thread 0x0000018d38676800 nmethod 1849 0x0000018d29062c08 code [0x0000018d29062d60, 0x0000018d290636e0]
Event: 360.124 Thread 0x0000018d38676800 1850   !   4       java.io.ObjectOutputStream::writeObject0 (620 bytes)
Event: 360.311 Thread 0x0000018d38676800 nmethod 1850 0x0000018d29063788 code [0x0000018d29063b40, 0x0000018d290668a8]
Event: 360.919 Thread 0x0000018d38676800 1851       4       java.nio.Buffer::limit (65 bytes)
Event: 360.920 Thread 0x0000018d38676800 nmethod 1851 0x0000018d29066b88 code [0x0000018d29066ca0, 0x0000018d29066db0]
Event: 363.431 Thread 0x0000018d38676800 1852       4       java.util.TreeMap::put (221 bytes)

GC Heap History (0 events):
No events

Dll operation events (11 events):
Event: 0.023 Loaded shared library C:\Program Files\Java\jdk-24\bin\java.dll
Event: 0.061 Loaded shared library C:\Program Files\Java\jdk-24\bin\jsvml.dll
Event: 0.107 Loaded shared library C:\Program Files\Java\jdk-24\bin\zip.dll
Event: 0.114 Loaded shared library C:\Program Files\Java\jdk-24\bin\instrument.dll
Event: 0.124 Loaded shared library C:\Program Files\Java\jdk-24\bin\net.dll
Event: 0.128 Loaded shared library C:\Program Files\Java\jdk-24\bin\nio.dll
Event: 0.136 Loaded shared library C:\Program Files\Java\jdk-24\bin\zip.dll
Event: 0.177 Loaded shared library C:\Program Files\Java\jdk-24\bin\extnet.dll
Event: 0.178 Loaded shared library C:\Program Files\Java\jdk-24\bin\jimage.dll
Event: 0.317 Loaded shared library C:\Program Files\Java\jdk-24\bin\management.dll
Event: 0.336 Loaded shared library C:\Program Files\Java\jdk-24\bin\management_ext.dll

Deoptimization events (20 events):
Event: 287.122 Thread 0x0000018d7e52dc40 Uncommon trap: trap_request=0xffffffde fr.pc=0x0000018d2905faa4 relative=0x0000000000000104
Event: 287.122 Thread 0x0000018d7e52dc40 Uncommon trap: reason=class_check action=maybe_recompile pc=0x0000018d2905faa4 method=jdk.internal.misc.Unsafe.allocateUninitializedArray(Ljava/lang/Class;I)Ljava/lang/Object; @ 51 c2
Event: 287.122 Thread 0x0000018d7e52dc40 DEOPT PACKING pc=0x0000018d2905faa4 sp=0x00000017da6ff3d0
Event: 287.122 Thread 0x0000018d7e52dc40 DEOPT UNPACKING pc=0x0000018d28b56382 sp=0x00000017da6ff348 mode 2
Event: 288.171 Thread 0x0000018d7e514480 Uncommon trap: trap_request=0xffffffde fr.pc=0x0000018d2905faa4 relative=0x0000000000000104
Event: 288.171 Thread 0x0000018d7e514480 Uncommon trap: reason=class_check action=maybe_recompile pc=0x0000018d2905faa4 method=jdk.internal.misc.Unsafe.allocateUninitializedArray(Ljava/lang/Class;I)Ljava/lang/Object; @ 51 c2
Event: 288.171 Thread 0x0000018d7e514480 DEOPT PACKING pc=0x0000018d2905faa4 sp=0x00000017da4fe970
Event: 288.171 Thread 0x0000018d7e514480 DEOPT UNPACKING pc=0x0000018d28b56382 sp=0x00000017da4fe8e8 mode 2
Event: 300.883 Thread 0x0000018d7e514480 Uncommon trap: trap_request=0xffffff4d fr.pc=0x0000018d2904bab4 relative=0x00000000000026b4
Event: 300.883 Thread 0x0000018d7e514480 Uncommon trap: reason=unstable_if action=reinterpret pc=0x0000018d2904bab4 method=java.io.ObjectStreamField.isPrimitive()Z @ 14 c2
Event: 300.883 Thread 0x0000018d7e514480 DEOPT PACKING pc=0x0000018d2904bab4 sp=0x00000017da4fe8c0
Event: 300.883 Thread 0x0000018d7e514480 DEOPT UNPACKING pc=0x0000018d28b56382 sp=0x00000017da4fe768 mode 2
Event: 300.884 Thread 0x0000018d7e514480 Uncommon trap: trap_request=0xffffff4d fr.pc=0x0000018d29053dd8 relative=0x0000000000000d38
Event: 300.884 Thread 0x0000018d7e514480 Uncommon trap: reason=unstable_if action=reinterpret pc=0x0000018d29053dd8 method=java.io.ObjectStreamClass$FieldReflector.getObjFieldValues(Ljava/lang/Object;[Ljava/lang/Object;)V @ 39 c2
Event: 300.884 Thread 0x0000018d7e514480 DEOPT PACKING pc=0x0000018d29053dd8 sp=0x00000017da4fe8f0
Event: 300.884 Thread 0x0000018d7e514480 DEOPT UNPACKING pc=0x0000018d28b56382 sp=0x00000017da4fe7a0 mode 2
Event: 300.884 Thread 0x0000018d7e514480 Uncommon trap: trap_request=0xffffff4d fr.pc=0x0000018d29040164 relative=0x0000000000002584
Event: 300.884 Thread 0x0000018d7e514480 Uncommon trap: reason=unstable_if action=reinterpret pc=0x0000018d29040164 method=java.io.ObjectOutputStream.writeObject0(Ljava/lang/Object;Z)V @ 459 c2
Event: 300.884 Thread 0x0000018d7e514480 DEOPT PACKING pc=0x0000018d29040164 sp=0x00000017da4fe810
Event: 300.884 Thread 0x0000018d7e514480 DEOPT UNPACKING pc=0x0000018d28b56382 sp=0x00000017da4fe7e8 mode 2

Classes loaded (20 events):
Event: 0.929 Loading class java/lang/invoke/BoundMethodHandle$Species_LLLLLL
Event: 0.929 Loading class java/lang/invoke/BoundMethodHandle$Species_LLLLLL done
Event: 0.945 Loading class sun/reflect/misc/MethodUtil
Event: 0.947 Loading class sun/reflect/misc/MethodUtil done
Event: 0.947 Loading class sun/reflect/misc/MethodUtil$1
Event: 0.947 Loading class sun/reflect/misc/MethodUtil$1 done
Event: 0.948 Loading class java/security/AllPermissionCollection
Event: 0.948 Loading class java/security/AllPermissionCollection done
Event: 0.948 Loading class java/security/UnresolvedPermission
Event: 0.948 Loading class java/security/UnresolvedPermission done
Event: 0.949 Loading class java/lang/UnsupportedOperationException
Event: 0.949 Loading class java/lang/UnsupportedOperationException done
Event: 1.395 Loading class java/lang/NumberFormatException
Event: 1.395 Loading class java/lang/NumberFormatException done
Event: 1.410 Loading class javax/management/openmbean/CompositeDataSupport
Event: 1.410 Loading class javax/management/openmbean/CompositeDataSupport done
Event: 1.411 Loading class javax/management/openmbean/OpenDataException
Event: 1.411 Loading class javax/management/openmbean/OpenDataException done
Event: 1.413 Loading class java/io/ObjectStreamException
Event: 1.414 Loading class java/io/ObjectStreamException done

Classes unloaded (0 events):
No events

Classes redefined (0 events):
No events

Internal exceptions (20 events):
Event: 0.747 Thread 0x0000018d3866cb10 Exception <a 'java/lang/NoSuchMethodError'{0x0000000713a8ffc0}: 'java.lang.Object java.lang.invoke.DirectMethodHandle$Holder.invokeStaticInit(java.lang.Object, java.lang.Object, int, int, int, int)'> (0x0000000713a8ffc0) 
thrown [s\open\src\hotspot\share\interpreter\linkResolver.cpp, line 805]
Event: 0.768 Thread 0x0000018d3866cb10 Exception <a 'java/lang/ClassNotFoundException'{0x0000000713aa6df0}: javax/management/remote/rmi/RMIServerImpl_Skel> (0x0000000713aa6df0) 
thrown [s\open\src\hotspot\share\classfile\systemDictionary.cpp, line 327]
Event: 0.781 Thread 0x0000018d3866cb10 Exception <a 'java/lang/NoSuchMethodError'{0x0000000713ab8b18}: 'long java.lang.invoke.DirectMethodHandle$Holder.invokeSpecial(java.lang.Object, java.lang.Object)'> (0x0000000713ab8b18) 
thrown [s\open\src\hotspot\share\interpreter\linkResolver.cpp, line 805]
Event: 0.782 Thread 0x0000018d3866cb10 Exception <a 'java/lang/NoSuchMethodError'{0x0000000713ac09d0}: 'long java.lang.invoke.Invokers$Holder.invokeExact_MT(java.lang.Object, java.lang.Object)'> (0x0000000713ac09d0) 
thrown [s\open\src\hotspot\share\interpreter\linkResolver.cpp, line 805]
Event: 0.860 Thread 0x0000018d7e514480 Exception <a 'java/lang/NoSuchMethodError'{0x0000000713847888}: static [B.<clinit>()V> (0x0000000713847888) 
thrown [s\open\src\hotspot\share\prims\jni.cpp, line 1108]
Event: 0.864 Thread 0x0000018d7e514480 Exception <a 'java/lang/NoSuchMethodError'{0x00000007138491d8}: 'java.lang.Object java.lang.invoke.DirectMethodHandle$Holder.invokeInterface(java.lang.Object, java.lang.Object, java.lang.Object)'> (0x00000007138491d8) 
thrown [s\open\src\hotspot\share\interpreter\linkResolver.cpp, line 805]
Event: 0.873 Thread 0x0000018d7e52dc40 Exception <a 'java/lang/NoSuchMethodError'{0x00000007139f57d8}: 'java.lang.Object java.lang.invoke.DirectMethodHandle$Holder.invokeSpecial(java.lang.Object, java.lang.Object, java.lang.Object, java.lang.Object, long)'> (0x00000007139f57d8) 
thrown [s\open\src\hotspot\share\interpreter\linkResolver.cpp, line 805]
Event: 0.874 Thread 0x0000018d7e52dc40 Exception <a 'java/lang/NoSuchMethodError'{0x0000000713606ac0}: 'java.lang.Object java.lang.invoke.Invokers$Holder.linkToTargetMethod(java.lang.Object, long, java.lang.Object)'> (0x0000000713606ac0) 
thrown [s\open\src\hotspot\share\interpreter\linkResolver.cpp, line 805]
Event: 0.875 Thread 0x0000018d7e514480 Exception <a 'java/lang/ClassNotFoundException'{0x0000000713869410}: javax/management/remote/rmi/RMIConnectionImpl_Skel> (0x0000000713869410) 
thrown [s\open\src\hotspot\share\classfile\systemDictionary.cpp, line 327]
Event: 0.894 Thread 0x0000018d7e514480 Exception <a 'java/lang/NoSuchMethodError'{0x0000000713886f98}: 'java.lang.Object java.lang.invoke.DirectMethodHandle$Holder.invokeInterface(java.lang.Object, java.lang.Object)'> (0x0000000713886f98) 
thrown [s\open\src\hotspot\share\interpreter\linkResolver.cpp, line 805]
Event: 0.915 Thread 0x0000018d7e514480 Exception <a 'java/lang/NoSuchMethodError'{0x00000007138c7db8}: 'int java.lang.invoke.DelegatingMethodHandle$Holder.reinvoke_L(java.lang.Object, java.lang.Object, java.lang.Object, java.lang.Object, java.lang.Object)'> (0x00000007138c7db8) 
thrown [s\open\src\hotspot\share\interpreter\linkResolver.cpp, line 805]
Event: 0.927 Thread 0x0000018d7e514480 Exception <a 'java/lang/NoSuchMethodError'{0x00000007137119f0}: 'java.lang.Object java.lang.invoke.DirectMethodHandle$Holder.invokeStatic(java.lang.Object, java.lang.Object, java.lang.Object, java.lang.Object, java.lang.Object, java.lang.Object, java.lang.Object, java.lang.Object)'> (0x00000007137119f0) 
thrown [s\open\src\hotspot\share\interpreter\linkResolver.cpp, line 805]
Event: 0.930 Thread 0x0000018d7e514480 Exception <a 'java/lang/NoSuchMethodError'{0x00000007137352f8}: 'java.lang.Object java.lang.invoke.DirectMethodHandle$Holder.invokeStatic(java.lang.Object, java.lang.Object, java.lang.Object, java.lang.Object, java.lang.Object, java.lang.Object, java.lang.Object, java.lang.Object, java.lang.Object)'> (0x00000007137352f8) 
thrown [s\open\src\hotspot\share\interpreter\linkResolver.cpp, line 805]
Event: 0.933 Thread 0x0000018d7e514480 Exception <a 'java/lang/NoSuchMethodError'{0x00000007137487a8}: 'java.lang.Object java.lang.invoke.Invokers$Holder.invokeExact_MT(java.lang.Object, java.lang.Object, java.lang.Object, java.lang.Object, java.lang.Object, java.lang.Object)'> (0x00000007137487a8) 
thrown [s\open\src\hotspot\share\interpreter\linkResolver.cpp, line 805]
Event: 0.941 Thread 0x0000018d7e514480 Exception <a 'java/lang/NoSuchMethodError'{0x0000000713754588}: 'java.lang.Object java.lang.invoke.DirectMethodHandle$Holder.invokeInterface(java.lang.Object, java.lang.Object, java.lang.Object, java.lang.Object, java.lang.Object)'> (0x0000000713754588) 
thrown [s\open\src\hotspot\share\interpreter\linkResolver.cpp, line 805]
Event: 0.953 Thread 0x0000018d7e514480 Exception <a 'java/lang/NoSuchMethodError'{0x000000071379ef08}: 'double java.lang.invoke.DirectMethodHandle$Holder.invokeInterface(java.lang.Object, java.lang.Object)'> (0x000000071379ef08) 
thrown [s\open\src\hotspot\share\interpreter\linkResolver.cpp, line 805]
Event: 0.954 Thread 0x0000018d7e514480 Exception <a 'java/lang/NoSuchMethodError'{0x00000007137afb78}: 'double java.lang.invoke.DelegatingMethodHandle$Holder.reinvoke_L(java.lang.Object, java.lang.Object)'> (0x00000007137afb78) 
thrown [s\open\src\hotspot\share\interpreter\linkResolver.cpp, line 805]
Event: 1.407 Thread 0x0000018d7e514480 Exception <a 'java/lang/NoSuchMethodError'{0x00000007137d7848}: 'long java.lang.invoke.DirectMethodHandle$Holder.invokeVirtual(java.lang.Object, java.lang.Object)'> (0x00000007137d7848) 
thrown [s\open\src\hotspot\share\interpreter\linkResolver.cpp, line 805]
Event: 1.407 Thread 0x0000018d7e514480 Exception <a 'java/lang/NoSuchMethodError'{0x00000007137dfb38}: 'java.lang.Object java.lang.invoke.DirectMethodHandle$Holder.invokeStatic(java.lang.Object, long)'> (0x00000007137dfb38) 
thrown [s\open\src\hotspot\share\interpreter\linkResolver.cpp, line 805]
Event: 1.408 Thread 0x0000018d7e514480 Exception <a 'java/lang/NoSuchMethodError'{0x00000007137efbe0}: 'long java.lang.invoke.DelegatingMethodHandle$Holder.reinvoke_L(java.lang.Object, java.lang.Object)'> (0x00000007137efbe0) 
thrown [s\open\src\hotspot\share\interpreter\linkResolver.cpp, line 805]

VM Operations (10 events):
Event: 0.686 Executing VM operation: HandshakeAllThreads (Deoptimize)
Event: 0.686 Executing VM operation: HandshakeAllThreads (Deoptimize) done
Event: 0.763 Executing VM operation: HandshakeAllThreads (Deoptimize)
Event: 0.763 Executing VM operation: HandshakeAllThreads (Deoptimize) done
Event: 0.874 Executing VM operation: HandshakeAllThreads (Deoptimize)
Event: 0.874 Executing VM operation: HandshakeAllThreads (Deoptimize) done
Event: 60.203 Executing VM operation: HandshakeAllThreads (HandshakeForDeflation)
Event: 60.203 Executing VM operation: HandshakeAllThreads (HandshakeForDeflation) done
Event: 60.203 Executing VM operation: RendezvousGCThreads
Event: 60.203 Executing VM operation: RendezvousGCThreads done

Memory protections (0 events):
No events

Nmethod flushes (0 events):
No events

Events (20 events):
Event: 0.056 Thread 0x0000018d18c6bcd0 Thread added: 0x0000018d3866b4b0
Event: 0.057 Thread 0x0000018d18c6bcd0 Thread added: 0x0000018d3866bfe0
Event: 0.057 Thread 0x0000018d18c6bcd0 Thread added: 0x0000018d3866cb10
Event: 0.057 Thread 0x0000018d18c6bcd0 Thread added: 0x0000018d3866d640
Event: 0.057 Thread 0x0000018d18c6bcd0 Thread added: 0x0000018d38674a20
Event: 0.057 Thread 0x0000018d18c6bcd0 Thread added: 0x0000018d38676800
Event: 0.057 Thread 0x0000018d18c6bcd0 Thread added: 0x0000018d38699310
Event: 0.120 Thread 0x0000018d18c6bcd0 Thread added: 0x0000018d388a1c30
Event: 0.155 Thread 0x0000018d18c6bcd0 Thread added: 0x0000018d388bc560
Event: 0.156 Thread 0x0000018d18c6bcd0 Thread added: 0x0000018d388bcca0
Event: 0.264 Thread 0x0000018d38699310 Thread added: 0x0000018d7e000eb0
Event: 0.376 Thread 0x0000018d7e000eb0 Thread exited: 0x0000018d7e000eb0
Event: 0.553 Thread 0x0000018d38699310 Thread added: 0x0000018d7e4b0920
Event: 0.594 Thread 0x0000018d38699310 Thread added: 0x0000018d7e1670a0
Event: 0.776 Thread 0x0000018d3866cb10 Thread added: 0x0000018d7e519380
Event: 0.832 Thread 0x0000018d7e519380 Thread added: 0x0000018d7e514480
Event: 0.859 Thread 0x0000018d7e514480 Thread added: 0x0000018d7e52a0d0
Event: 0.871 Thread 0x0000018d7e514480 Thread added: 0x0000018d7e52dc40
Event: 1.396 Thread 0x0000018d7e1670a0 Thread exited: 0x0000018d7e1670a0
Event: 1.396 Thread 0x0000018d7e4b0920 Thread exited: 0x0000018d7e4b0920


Dynamic libraries:
0x00007ff671cd0000 - 0x00007ff671ce0000 	C:\Program Files\Java\jdk-24\bin\java.exe
0x00007ffbce520000 - 0x00007ffbce789000 	C:\WINDOWS\SYSTEM32\ntdll.dll
0x00007ffbcd060000 - 0x00007ffbcd129000 	C:\WINDOWS\System32\KERNEL32.DLL
0x00007ffbcb750000 - 0x00007ffbcbb43000 	C:\WINDOWS\System32\KERNELBASE.dll
0x00007ffbcbd70000 - 0x00007ffbcbebb000 	C:\WINDOWS\System32\ucrtbase.dll
0x00007ffbb4190000 - 0x00007ffbb41ab000 	C:\Program Files\Java\jdk-24\bin\VCRUNTIME140.dll
0x00007ffbb4e80000 - 0x00007ffbb4e96000 	C:\Program Files\Java\jdk-24\bin\jli.dll
0x00007ffbcce90000 - 0x00007ffbcd054000 	C:\WINDOWS\System32\USER32.dll
0x00007ffbcbb50000 - 0x00007ffbcbb77000 	C:\WINDOWS\System32\win32u.dll
0x00007ffbaa3d0000 - 0x00007ffbaa663000 	C:\WINDOWS\WinSxS\amd64_microsoft.windows.common-controls_6595b64144ccf1df_6.0.26100.5074_none_3e0d6f78e32fd63f\COMCTL32.dll
0x00007ffbcd1e0000 - 0x00007ffbcd20b000 	C:\WINDOWS\System32\GDI32.dll
0x00007ffbcd130000 - 0x00007ffbcd1d9000 	C:\WINDOWS\System32\msvcrt.dll
0x00007ffbcbc40000 - 0x00007ffbcbd6d000 	C:\WINDOWS\System32\gdi32full.dll
0x00007ffbcc240000 - 0x00007ffbcc2e3000 	C:\WINDOWS\System32\msvcp_win.dll
0x00007ffbce450000 - 0x00007ffbce47f000 	C:\WINDOWS\System32\IMM32.DLL
0x00007ffbb4e70000 - 0x00007ffbb4e7c000 	C:\Program Files\Java\jdk-24\bin\vcruntime140_1.dll
0x00007ffb9d270000 - 0x00007ffb9d2fe000 	C:\Program Files\Java\jdk-24\bin\msvcp140.dll
0x00007ffb08d90000 - 0x00007ffb09b31000 	C:\Program Files\Java\jdk-24\bin\server\jvm.dll
0x00007ffbce2e0000 - 0x00007ffbce394000 	C:\WINDOWS\System32\ADVAPI32.dll
0x00007ffbce3a0000 - 0x00007ffbce446000 	C:\WINDOWS\System32\sechost.dll
0x00007ffbcc6b0000 - 0x00007ffbcc7c8000 	C:\WINDOWS\System32\RPCRT4.dll
0x00007ffbcce10000 - 0x00007ffbcce84000 	C:\WINDOWS\System32\WS2_32.dll
0x00007ffbcb510000 - 0x00007ffbcb56e000 	C:\WINDOWS\SYSTEM32\POWRPROF.dll
0x00007ffbb6100000 - 0x00007ffbb610b000 	C:\WINDOWS\SYSTEM32\VERSION.dll
0x00007ffbc0150000 - 0x00007ffbc0185000 	C:\WINDOWS\SYSTEM32\WINMM.dll
0x00007ffbcb4f0000 - 0x00007ffbcb504000 	C:\WINDOWS\SYSTEM32\UMPDC.dll
0x00007ffbca3f0000 - 0x00007ffbca40b000 	C:\WINDOWS\SYSTEM32\kernel.appcore.dll
0x00007ffbb3f10000 - 0x00007ffbb3f1a000 	C:\Program Files\Java\jdk-24\bin\jimage.dll
0x00007ffbc8f90000 - 0x00007ffbc91d2000 	C:\WINDOWS\SYSTEM32\DBGHELP.DLL
0x00007ffbcc330000 - 0x00007ffbcc6ab000 	C:\WINDOWS\System32\combase.dll
0x00007ffbcc990000 - 0x00007ffbcca67000 	C:\WINDOWS\System32\OLEAUT32.dll
0x00007ffbb7380000 - 0x00007ffbb73bd000 	C:\WINDOWS\SYSTEM32\dbgcore.DLL
0x00007ffbcb6b0000 - 0x00007ffbcb749000 	C:\WINDOWS\System32\bcryptPrimitives.dll
0x00007ffbb3720000 - 0x00007ffbb372f000 	C:\Program Files\Java\jdk-24\bin\instrument.dll
0x00007ffbb3ef0000 - 0x00007ffbb3f0e000 	C:\Program Files\Java\jdk-24\bin\java.dll
0x00007ffbcde90000 - 0x00007ffbce028000 	C:\WINDOWS\System32\ole32.dll
0x00007ffbcd6a0000 - 0x00007ffbcdded000 	C:\WINDOWS\System32\SHELL32.dll
0x00007ffbcc0d0000 - 0x00007ffbcc23c000 	C:\WINDOWS\System32\wintypes.dll
0x00007ffbc92e0000 - 0x00007ffbc9b39000 	C:\WINDOWS\SYSTEM32\windows.storage.dll
0x00007ffbcc7d0000 - 0x00007ffbcc8c0000 	C:\WINDOWS\System32\SHCORE.dll
0x00007ffbce090000 - 0x00007ffbce0f2000 	C:\WINDOWS\System32\shlwapi.dll
0x00007ffbcb5d0000 - 0x00007ffbcb5f9000 	C:\WINDOWS\SYSTEM32\profapi.dll
0x00007ffb9cd80000 - 0x00007ffb9ce57000 	C:\Program Files\Java\jdk-24\bin\jsvml.dll
0x00007ffbb3810000 - 0x00007ffbb3827000 	C:\Program Files\Java\jdk-24\bin\zip.dll
0x00007ffbb3e10000 - 0x00007ffbb3e20000 	C:\Program Files\Java\jdk-24\bin\net.dll
0x00007ffbcaa10000 - 0x00007ffbcaa7b000 	C:\WINDOWS\system32\mswsock.dll
0x00007ffbb3df0000 - 0x00007ffbb3e06000 	C:\Program Files\Java\jdk-24\bin\nio.dll
0x00007ffbb2ec0000 - 0x00007ffbb2ec9000 	C:\Program Files\Java\jdk-24\bin\extnet.dll
0x00007ffbc9f60000 - 0x00007ffbca086000 	C:\WINDOWS\SYSTEM32\DNSAPI.dll
0x00007ffbc9ec0000 - 0x00007ffbc9ef4000 	C:\WINDOWS\SYSTEM32\IPHLPAPI.DLL
0x00007ffbcde70000 - 0x00007ffbcde7a000 	C:\WINDOWS\System32\NSI.dll
0x00007ffbb9cf0000 - 0x00007ffbb9cfb000 	C:\Windows\System32\rasadhlp.dll
0x00007ffbc26f0000 - 0x00007ffbc2776000 	C:\WINDOWS\System32\fwpuclnt.dll
0x00007ffbb2eb0000 - 0x00007ffbb2eba000 	C:\Program Files\Java\jdk-24\bin\management.dll
0x00007ffbb2ea0000 - 0x00007ffbb2eab000 	C:\Program Files\Java\jdk-24\bin\management_ext.dll
0x00007ffbcca70000 - 0x00007ffbcca78000 	C:\WINDOWS\System32\PSAPI.DLL
0x00007ffbcacb0000 - 0x00007ffbcaccb000 	C:\WINDOWS\SYSTEM32\CRYPTSP.dll
0x00007ffbca410000 - 0x00007ffbca44b000 	C:\WINDOWS\system32\rsaenh.dll
0x00007ffbcaab0000 - 0x00007ffbcaadb000 	C:\WINDOWS\SYSTEM32\USERENV.dll
0x00007ffbcb5a0000 - 0x00007ffbcb5c6000 	C:\WINDOWS\SYSTEM32\bcrypt.dll
0x00007ffbcacd0000 - 0x00007ffbcacdc000 	C:\WINDOWS\SYSTEM32\CRYPTBASE.dll
0x00007ffb97c00000 - 0x00007ffb97c18000 	C:\WINDOWS\system32\napinsp.dll
0x00007ffb97be0000 - 0x00007ffb97bf2000 	C:\WINDOWS\System32\winrnr.dll
0x00007ffb97b80000 - 0x00007ffb97ba8000 	C:\WINDOWS\system32\nlansp_c.dll
0x00007ffbb9fb0000 - 0x00007ffbb9fc6000 	C:\WINDOWS\system32\wshbth.dll
0x00007ffb7e560000 - 0x00007ffb7e5b6000 	C:\WINDOWS\SYSTEM32\pdh.dll
0x00007ffbc3830000 - 0x00007ffbc3842000 	C:\WINDOWS\System32\perfproc.dll

JVMTI agents:
C:\Program Files\JetBrains\IntelliJ IDEA Community Edition 2025.2.1\lib\idea_rt.jar path:C:\Program Files\Java\jdk-24\bin\instrument.dll, loaded, initialized, instrumentlib options:64783

dbghelp: loaded successfully - version: 4.0.5 - missing functions: none
symbol engine: initialized successfully - sym options: 0x614 - pdb path: .;C:\Program Files\Java\jdk-24\bin;C:\WINDOWS\SYSTEM32;C:\WINDOWS\WinSxS\amd64_microsoft.windows.common-controls_6595b64144ccf1df_6.0.26100.5074_none_3e0d6f78e32fd63f;C:\Program Files\Java\jdk-24\bin\server

VM Arguments:
jvm_args: -javaagent:C:\Program Files\JetBrains\IntelliJ IDEA Community Edition 2025.2.1\lib\idea_rt.jar=64783 -Dfile.encoding=UTF-8 -Dsun.stdout.encoding=UTF-8 -Dsun.stderr.encoding=UTF-8 
java_command: Pattern_Printing.AlphabetSquare
java_class_path (initial): C:\Users\dell\IdeaProjects\GreeksForGreeks\out\production\GreeksForGreeks
Launcher Type: SUN_STANDARD

[Global flags]
     intx CICompilerCount                          = 4                                         {product} {ergonomic}
     uint ConcGCThreads                            = 3                                         {product} {ergonomic}
     uint G1ConcRefinementThreads                  = 10                                        {product} {ergonomic}
   size_t G1HeapRegionSize                         = 2097152                                   {product} {ergonomic}
   size_t InitialHeapSize                          = 264241152                                 {product} {ergonomic}
   size_t MarkStackSize                            = 4194304                                   {product} {ergonomic}
   size_t MarkStackSizeMax                         = 536870912                                 {product} {ergonomic}
   size_t MaxHeapSize                              = 4213178368                                {product} {ergonomic}
   size_t MaxNewSize                               = 2527068160                                {product} {ergonomic}
   size_t MinHeapDeltaBytes                        = 2097152                                   {product} {ergonomic}
   size_t MinHeapSize                              = 8388608                                   {product} {ergonomic}
    uintx NonNMethodCodeHeapSize                   = 5832704                                {pd product} {ergonomic}
    uintx NonProfiledCodeHeapSize                  = 122945536                              {pd product} {ergonomic}
    uintx ProfiledCodeHeapSize                     = 122880000                              {pd product} {ergonomic}
    uintx ReservedCodeCacheSize                    = 251658240                              {pd product} {ergonomic}
     bool SegmentedCodeCache                       = true                                      {product} {ergonomic}
   size_t SoftMaxHeapSize                          = 4213178368                             {manageable} {ergonomic}
     bool UseCompressedOops                        = true                           {product lp64_product} {ergonomic}
     bool UseG1GC                                  = true                                      {product} {ergonomic}
     bool UseLargePagesIndividualAllocation        = false                                  {pd product} {ergonomic}

Logging:
Log output configuration:
 #0: stdout all=warning uptime,level,tags foldmultilines=false
 #1: stderr all=off uptime,level,tags foldmultilines=false

Environment Variables:
JAVA_HOME=C:\Program Files\Java\jdk-23
PATH=C:\ProgramData\anaconda3\Scripts\;C:\ProgramData\anaconda3\;C:\Program Files\Common Files\Oracle\Java\javapath;C:\WINDOWS\system32;C:\WINDOWS;C:\WINDOWS\System32\Wbem;C:\WINDOWS\System32\WindowsPowerShell\v1.0\;C:\WINDOWS\System32\OpenSSH\;C:\Program Files\dotnet\;C:\MinGW\bin;C:\Program Files\nodejs\;C:\ProgramData\chocolatey\bin;C:\Program Files\nodejs\;C:\Program Files\MySQL\MySQL Server 8.0\bin;C:\Program Files\Java\jdk-24\bin;C:\Program Files\MySQL\MySQL Shell 8.0\bin\;C:\Users\dell\AppData\Local\Microsoft\WindowsApps;C:\Users\dell\AppData\Local\Programs\Microsoft VS Code\bin;C:\Program Files\Git\bin;C:\Program Files\Git\cmd;C:\Program Files\Java\jdk-23\bin;C:\MinGW\bin;C:\Users\dell\AppData\Roaming\npm;C:\Program Files\nodejs\node_modules\npm\bin;C:\Program Files\nodejs\node_modules\npm;C:\Program Files\nodejs\;C:\Program Files\JetBrains\PyCharm 2025.2.1.1\bin;
USERNAME=dell
OS=Windows_NT
PROCESSOR_IDENTIFIER=Intel64 Family 6 Model 186 Stepping 3, GenuineIntel
TMP=C:\Users\dell\AppData\Local\Temp
TEMP=C:\Users\dell\AppData\Local\Temp




Periodic native trim disabled

---------------  S Y S T E M  ---------------

OS:
 Windows 11 , 64 bit Build 26100 (10.0.26100.5074)
OS uptime: 9 days 23:33 hours
Hyper-V role detected

CPU: total 12 (initial active 12) (6 cores per cpu, 2 threads per core) family 6 model 186 stepping 3 microcode 0x4128, cx8, cmov, fxsr, ht, mmx, 3dnowpref, sse, sse2, sse3, ssse3, sse4.1, sse4.2, popcnt, lzcnt, tsc, tscinvbit, avx, avx2, aes, erms, clmul, bmi1, bmi2, adx, sha, fma, vzeroupper, clflush, clflushopt, clwb, hv, serialize, rdtscp, rdpid, fsrm, gfni, f16c, cet_ibt, cet_ss
Processor Information for the first 12 processors :
  Max Mhz: 1300, Current Mhz: 1300, Mhz Limit: 1300

Memory: 4k page, system-wide physical 16068M (4116M free)
TotalPageFile size 16068M (AvailPageFile size 11M)
current process WorkingSet (physical memory assigned to process): 88M, peak: 98M
current process commit charge ("private bytes"): 363M, peak: 388M

vm_info: Java HotSpot(TM) 64-Bit Server VM (24.0.2+12-54) for windows-amd64 JRE (24.0.2+12-54), built on 2025-07-08T12:10:27Z with MS VC++ 17.6 (VS2022)

END.
